<?xml version="1.0" encoding="UTF-8"?>
<!-- Generated by org.testng.reporters.JUnitReportReporter -->
<testsuite hostname="DESKTOP-IA58O9T" failures="0" tests="1" name="API_Demo.Examples" time="3.898" errors="0" timestamp="2023-03-07T16:45:10 IST" skipped="0">
  <testcase classname="API_Demo.Examples" name="test_get" time="3.898"/>
  <system-out/>
</testsuite> <!-- API_Demo.Examples -->
