<?xml version="1.0" encoding="UTF-8"?>
<!-- Generated by org.testng.reporters.JUnitReportReporter -->
<testsuite hostname="DESKTOP-IA58O9T" failures="0" tests="1" name="API_Demo.RestAssured_Test_01" time="5.053" errors="0" timestamp="2023-03-07T20:17:42 IST" skipped="0">
  <testcase classname="API_Demo.RestAssured_Test_01" name="test03" time="5.053"/>
  <system-out/>
</testsuite> <!-- API_Demo.RestAssured_Test_01 -->
