<?xml version="1.0" encoding="UTF-8"?>
<!-- Generated by org.testng.reporters.JUnitReportReporter -->
<testsuite hostname="DESKTOP-IA58O9T" failures="0" tests="1" name="API_Demo.multipleWindowHandle" time="6.901" errors="0" timestamp="2022-02-04T16:43:09 IST" skipped="0">
  <testcase classname="API_Demo.multipleWindowHandle" name="pageTitle" time="6.901"/>
  <system-out/>
</testsuite> <!-- API_Demo.multipleWindowHandle -->
