<?xml version="1.0" encoding="UTF-8"?>
<!-- Generated by org.testng.reporters.JUnitReportReporter -->
<testsuite hostname="DESKTOP-IA58O9T" failures="0" tests="1" name="API_Demo.JsonScehmaValidator" time="5.254" errors="0" timestamp="2023-03-13T17:49:42 IST" skipped="0">
  <testcase classname="API_Demo.JsonScehmaValidator" name="test_get" time="5.254"/>
  <system-out/>
</testsuite> <!-- API_Demo.JsonScehmaValidator -->
