<?xml version="1.0" encoding="UTF-8"?>
<!-- Generated by org.testng.reporters.JUnitReportReporter -->
<testsuite hostname="DESKTOP-IA58O9T" failures="0" tests="1" name="API_Demo.SoapXMLRequest" time="5.790" errors="0" timestamp="2023-03-13T17:45:36 IST" skipped="0">
  <testcase classname="API_Demo.SoapXMLRequest" name="validateSoapXML" time="5.790"/>
  <system-out/>
</testsuite> <!-- API_Demo.SoapXMLRequest -->
