<?xml version="1.0" encoding="UTF-8"?>
<!-- Generated by org.testng.reporters.JUnitReportReporter -->
<testsuite hostname="DESKTOP-IA58O9T" failures="0" tests="1" name="API_Demo.Tests_POST" time="2.765" errors="0" timestamp="2023-02-24T15:30:22 IST" skipped="0">
  <testcase classname="API_Demo.Tests_POST" name="test_01_post" time="2.765"/>
  <system-out/>
</testsuite> <!-- API_Demo.Tests_POST -->
