<?xml version="1.0" encoding="UTF-8"?>
<!-- Generated by org.testng.reporters.JUnitReportReporter -->
<testsuite hostname="DESKTOP-IA58O9T" failures="0" tests="1" name="API_Demo.Tests_PUT" time="2.304" errors="0" timestamp="2021-04-26T11:58:17 IST" skipped="0">
  <testcase classname="API_Demo.Tests_PUT" name="test_01_post" time="2.304"/>
  <system-out/>
</testsuite> <!-- API_Demo.Tests_PUT -->
